<?xml version="1.0" encoding="UTF-8"?>
<testng-results ignored="0" total="3" passed="2" failed="1" skipped="0">
  <reporter-output>
  </reporter-output>
  <suite started-at="2025-02-06T16:05:14 IST" name="Suite" finished-at="2025-02-06T16:05:35 IST" duration-ms="20989">
    <groups>
    </groups>
    <test started-at="2025-02-06T16:05:14 IST" name="Test" finished-at="2025-02-06T16:05:35 IST" duration-ms="20989">
      <class name="api.payload.tata.PayloadView">
        <test-method is-config="true" signature="payload()[pri:0, instance:api.payload.tata.PayloadView@55634720]" started-at="2025-02-06T16:05:14 IST" name="payload" finished-at="2025-02-06T16:05:15 IST" duration-ms="194" status="PASS">
          <reporter-output>
          </reporter-output>
        </test-method> <!-- payload -->
        <test-method signature="quoteCompose(org.testng.ITestContext)[pri:1, instance:api.payload.tata.PayloadView@55634720]" started-at="2025-02-06T16:05:15 IST" name="quoteCompose" finished-at="2025-02-06T16:05:28 IST" duration-ms="13696" status="PASS">
          <params>
            <param index="0">
              <value>
                <![CDATA[org.testng.TestRunner@5cff729b]]>
              </value>
            </param>
          </params>
          <reporter-output>
          </reporter-output>
        </test-method> <!-- quoteCompose -->
      </class> <!-- api.payload.tata.PayloadView -->
      <class name="api.utilites.Outh2TokenGenerator">
        <test-method is-config="true" signature="tokenGenerator(org.testng.ITestContext)[pri:0, instance:api.utilites.Outh2TokenGenerator@7bab3f1a]" started-at="2025-02-06T16:05:12 IST" name="tokenGenerator" finished-at="2025-02-06T16:05:14 IST" duration-ms="2046" status="PASS">
          <params>
            <param index="0">
              <value>
                <![CDATA[org.testng.TestRunner@5cff729b]]>
              </value>
            </param>
          </params>
          <reporter-output>
          </reporter-output>
        </test-method> <!-- tokenGenerator -->
      </class> <!-- api.utilites.Outh2TokenGenerator -->
      <class name="api.payload.tata.proposalCompose.ProposalPayloadView">
        <test-method is-config="true" signature="payload()[pri:0, instance:api.payload.tata.proposalCompose.ProposalPayloadView@4b0d79fc]" started-at="2025-02-06T16:05:15 IST" name="payload" finished-at="2025-02-06T16:05:15 IST" duration-ms="0" status="PASS">
          <reporter-output>
          </reporter-output>
        </test-method> <!-- payload -->
        <test-method signature="proposalCompose(org.testng.ITestContext)[pri:1, instance:api.payload.tata.proposalCompose.ProposalPayloadView@4b0d79fc]" started-at="2025-02-06T16:05:28 IST" name="proposalCompose" finished-at="2025-02-06T16:05:34 IST" duration-ms="5214" status="PASS">
          <params>
            <param index="0">
              <value>
                <![CDATA[org.testng.TestRunner@5cff729b]]>
              </value>
            </param>
          </params>
          <reporter-output>
          </reporter-output>
        </test-method> <!-- proposalCompose -->
      </class> <!-- api.payload.tata.proposalCompose.ProposalPayloadView -->
      <class name="api.payload.tata.payment.PaymentApi">
        <test-method signature="paymentFlow(org.testng.ITestContext)[pri:0, instance:api.payload.tata.payment.PaymentApi@4c1909a3]" started-at="2025-02-06T16:05:34 IST" name="paymentFlow" finished-at="2025-02-06T16:05:35 IST" duration-ms="1682" status="FAIL">
          <params>
            <param index="0">
              <value>
                <![CDATA[org.testng.TestRunner@5cff729b]]>
              </value>
            </param>
          </params>
          <exception class="java.lang.AssertionError">
            <message>
              <![CDATA[expected:<-102> but was:<200>]]>
            </message>
            <full-stacktrace>
              <![CDATA[java.lang.AssertionError: expected:<-102> but was:<200>
at org.junit.Assert.fail(Assert.java:93)
at org.junit.Assert.failNotEquals(Assert.java:647)
at org.junit.Assert.assertEquals(Assert.java:128)
at org.junit.Assert.assertEquals(Assert.java:147)
at api.payload.tata.payment.PaymentApi.paymentFlow(PaymentApi.java:43)
at java.base/jdk.internal.reflect.NativeMethodAccessorImpl.invoke0(Native Method)
at java.base/jdk.internal.reflect.NativeMethodAccessorImpl.invoke(NativeMethodAccessorImpl.java:77)
at java.base/jdk.internal.reflect.DelegatingMethodAccessorImpl.invoke(DelegatingMethodAccessorImpl.java:43)
at java.base/java.lang.reflect.Method.invoke(Method.java:568)
at org.testng.internal.invokers.MethodInvocationHelper.invokeMethod(MethodInvocationHelper.java:136)
at org.testng.internal.invokers.TestInvoker.invokeMethod(TestInvoker.java:658)
at org.testng.internal.invokers.TestInvoker.invokeTestMethod(TestInvoker.java:219)
at org.testng.internal.invokers.MethodRunner.runInSequence(MethodRunner.java:50)
at org.testng.internal.invokers.TestInvoker$MethodInvocationAgent.invoke(TestInvoker.java:923)
at org.testng.internal.invokers.TestInvoker.invokeTestMethods(TestInvoker.java:192)
at org.testng.internal.invokers.TestMethodWorker.invokeTestMethods(TestMethodWorker.java:146)
at org.testng.internal.invokers.TestMethodWorker.run(TestMethodWorker.java:128)
at java.base/java.util.ArrayList.forEach(ArrayList.java:1511)
at org.testng.TestRunner.privateRun(TestRunner.java:808)
at org.testng.TestRunner.run(TestRunner.java:603)
at org.testng.SuiteRunner.runTest(SuiteRunner.java:429)
at org.testng.SuiteRunner.runSequentially(SuiteRunner.java:423)
at org.testng.SuiteRunner.privateRun(SuiteRunner.java:383)
at org.testng.SuiteRunner.run(SuiteRunner.java:326)
at org.testng.SuiteRunnerWorker.runSuite(SuiteRunnerWorker.java:52)
at org.testng.SuiteRunnerWorker.run(SuiteRunnerWorker.java:95)
at org.testng.TestNG.runSuitesSequentially(TestNG.java:1249)
at org.testng.TestNG.runSuitesLocally(TestNG.java:1169)
at org.testng.TestNG.runSuites(TestNG.java:1092)
at org.testng.TestNG.run(TestNG.java:1060)
at org.testng.remote.AbstractRemoteTestNG.run(AbstractRemoteTestNG.java:115)
at org.testng.remote.RemoteTestNG.initAndRun(RemoteTestNG.java:251)
at org.testng.remote.RemoteTestNG.main(RemoteTestNG.java:77)
]]>
            </full-stacktrace>
          </exception> <!-- java.lang.AssertionError -->
          <reporter-output>
          </reporter-output>
        </test-method> <!-- paymentFlow -->
      </class> <!-- api.payload.tata.payment.PaymentApi -->
    </test> <!-- Test -->
  </suite> <!-- Suite -->
</testng-results>
